файл: C:\MAMP\htdocs\project-shop\data_processor\design-products.php Рядок: 71  Повідомлення: помилка при валідації форми замовлення продуктів
файл: C:\MAMP\htdocs\project-shop\data_processor\design-products.php Рядок: 71  Повідомлення: помилка при валідації форми замовлення продуктів
файл: C:\MAMP\htdocs\project-shop\data_processor\design-products.php Рядок: 72  Повідомлення: помилка при валідації форми замовлення продуктів
файл: C:\MAMP\htdocs\project-shop\data_processor\design-products.php Рядок: 72  Повідомлення: помилка в запиті додавання даних в ordersYou have an error in your SQL syntax; check the manual that corresponds to your MySQL server version for the right syntax to use near ''dima', 'Dima', 'laoa', '0393939393', 'Луганська', 'Дрогобич', ' at line 1
файл: C:\MAMP\htdocs\project-shop\data_processor\design-products.php Рядок: 76  Повідомлення: помилка в запиті додавання даних в ordersYou have an error in your SQL syntax; check the manual that corresponds to your MySQL server version for the right syntax to use near ''dima', 'Dima', 'laoa', '0393939393', 'Луганська', 'Дрогобич', ' at line 1
файл: C:\MAMP\htdocs\project-shop\data_processor\design-products.php Рядок: 76  Повідомлення: помилка в запиті додавання даних в ordersYou have an error in your SQL syntax; check the manual that corresponds to your MySQL server version for the right syntax to use near ''dima', 'Dima', 'laoa', '0393939393', 'Луганська', 'Дрогобич', ' at line 1
файл: C:\MAMP\htdocs\project-shop\data_processor\design-products.php Рядок: 74  Повідомлення: помилка в запиті додавання даних в ordersYou have an error in your SQL syntax; check the manual that corresponds to your MySQL server version for the right syntax to use near ''dima', 'Dima', 'laoa', '0393939393', 'Луганська', 'Дрогобич', ' at line 1
файл: C:\MAMP\htdocs\project-shop\data_processor\design-products.php Рядок: 79  Повідомлення: помилка при валідації форми замовлення продуктів
файл: C:\MAMP\htdocs\project-shop\data_processor\design-products.php Рядок: 79  Повідомлення: помилка при валідації форми замовлення продуктів
файл: C:\MAMP\htdocs\project-shop\data_processor\design-products.php Рядок: 79  Повідомлення: помилка при валідації форми замовлення продуктів
файл: C:\MAMP\htdocs\project-shop\data_processor\design-products.php Рядок: 79  Повідомлення: помилка при валідації форми замовлення продуктів
файл: C:\MAMP\htdocs\project-shop\data_processor\design-products.php Рядок: 74  Повідомлення: помилка при валідації форми замовлення продуктів
файл: C:\MAMP\htdocs\project-shop\data_processor\design-products.php Рядок: 82  Повідомлення: помилка при валідації форми замовлення продуктів
файл: C:\MAMP\htdocs\project-shop\data_processor\design-products.php Рядок: 82  Повідомлення: помилка при валідації форми замовлення продуктів
файл: C:\MAMP\htdocs\project-shop\data_processor\design-products.php Рядок: 151  Повідомлення: помилка при валідації форми замовлення продуктів
файл: C:\MAMP\htdocs\project-shop\data_processor\design-products.php Рядок: 151  Повідомлення: помилка при валідації форми замовлення продуктів
файл: C:\MAMP\htdocs\project-shop\data_processor\design-products.php Рядок: 121  Повідомлення: помилка при валідації форми замовлення продуктів
файл: C:\MAMP\htdocs\project-shop\data_processor\design-products.php Рядок: 131  Повідомлення: помилка при валідації форми замовлення продуктів
файл: C:\MAMP\htdocs\project-shop\data_processor\design-products.php Рядок: 131  Повідомлення: помилка при валідації форми замовлення продуктів
файл: C:\MAMP\htdocs\project-shop\data_processor\design-products.php Рядок: 131  Повідомлення: помилка при валідації форми замовлення продуктів
файл: C:\MAMP\htdocs\project-shop\data_processor\design-products.php Рядок: 131  Повідомлення: помилка при валідації форми замовлення продуктів
файл: C:\MAMP\htdocs\project-shop\data_processor\design-products.php Рядок: 100  Повідомлення: помилка при валідації форми замовлення продуктів
файл: C:\MAMP\htdocs\project-shop\vendor\liqpay\liqpay\LiqPay.php Рядок: 61  Повідомлення: public_key is empty
файл: C:\MAMP\htdocs\project-shop\data_processor\design-products.php Рядок: 111  Повідомлення: помилка при валідації форми замовлення продуктів
файл: C:\MAMP\htdocs\project-shop\vendor\stripe\stripe-php\lib\Exception\ApiErrorException.php Рядок: 38  Повідомлення: Amount must convert to at least 50 cents. 7.50 ₴ converts to approximately $0.21.
файл: C:\MAMP\htdocs\project-shop\vendor\stripe\stripe-php\lib\Exception\ApiErrorException.php Рядок: 38  Повідомлення: Amount must convert to at least 50 cents. 7.50 ₴ converts to approximately $0.21.
файл: C:\MAMP\htdocs\project-shop\vendor\stripe\stripe-php\lib\Exception\ApiErrorException.php Рядок: 38  Повідомлення: Amount must convert to at least 50 cents. 7.50 ₴ converts to approximately $0.21.
файл: C:\MAMP\htdocs\project-shop\vendor\stripe\stripe-php\lib\Exception\ApiErrorException.php Рядок: 38  Повідомлення: Amount must convert to at least 50 cents. 7.50 ₴ converts to approximately $0.21.
файл: C:\MAMP\htdocs\project-shop\vendor\stripe\stripe-php\lib\Exception\ApiErrorException.php Рядок: 38  Повідомлення: Amount must convert to at least 50 cents. 7.50 ₴ converts to approximately $0.21.
файл: C:\MAMP\htdocs\project-shop\vendor\stripe\stripe-php\lib\Exception\ApiErrorException.php Рядок: 38  Повідомлення: Amount must convert to at least 50 cents. 7.50 ₴ converts to approximately $0.21.
файл: C:\MAMP\htdocs\project-shop\vendor\stripe\stripe-php\lib\Exception\ApiErrorException.php Рядок: 38  Повідомлення: Amount must convert to at least 50 cents. 7.50 ₴ converts to approximately $0.21.
файл: C:\MAMP\htdocs\project-shop\vendor\stripe\stripe-php\lib\Exception\ApiErrorException.php Рядок: 38  Повідомлення: Amount must convert to at least 50 cents. 7.50 ₴ converts to approximately $0.21.
файл: C:\MAMP\htdocs\project-shop\vendor\stripe\stripe-php\lib\Exception\ApiErrorException.php Рядок: 38  Повідомлення: Amount must convert to at least 50 cents. 7.50 ₴ converts to approximately $0.21.
файл: C:\MAMP\htdocs\project-shop\vendor\stripe\stripe-php\lib\Exception\ApiErrorException.php Рядок: 38  Повідомлення: Amount must convert to at least 50 cents. 7.50 ₴ converts to approximately $0.21.
файл: C:\MAMP\htdocs\project-shop\vendor\stripe\stripe-php\lib\Exception\ApiErrorException.php Рядок: 38  Повідомлення: Amount must convert to at least 50 cents. 7.50 ₴ converts to approximately $0.21.
файл: C:\MAMP\htdocs\project-shop\vendor\stripe\stripe-php\lib\Exception\ApiErrorException.php Рядок: 38  Повідомлення: Amount must convert to at least 50 cents. 7.50 ₴ converts to approximately $0.21.
файл: C:\MAMP\htdocs\project-shop\vendor\stripe\stripe-php\lib\Exception\ApiErrorException.php Рядок: 38  Повідомлення: Amount must convert to at least 50 cents. 7.50 ₴ converts to approximately $0.21.
файл: C:\MAMP\htdocs\project-shop\vendor\stripe\stripe-php\lib\Exception\ApiErrorException.php Рядок: 38  Повідомлення: Amount must convert to at least 50 cents. 7.50 ₴ converts to approximately $0.21.
файл: C:\MAMP\htdocs\project-shop\vendor\stripe\stripe-php\lib\Exception\ApiErrorException.php Рядок: 38  Повідомлення: Amount must convert to at least 50 cents. 7.50 ₴ converts to approximately $0.21.
файл: C:\MAMP\htdocs\project-shop\vendor\stripe\stripe-php\lib\Exception\ApiErrorException.php Рядок: 38  Повідомлення: Amount must convert to at least 50 cents. 7.50 ₴ converts to approximately $0.21.
файл: C:\MAMP\htdocs\project-shop\vendor\stripe\stripe-php\lib\Exception\ApiErrorException.php Рядок: 38  Повідомлення: Amount must convert to at least 50 cents. 7.50 ₴ converts to approximately $0.21.
файл: C:\MAMP\htdocs\project-shop\vendor\stripe\stripe-php\lib\Exception\ApiErrorException.php Рядок: 38  Повідомлення: Amount must convert to at least 50 cents. 7.50 ₴ converts to approximately $0.21.
файл: C:\MAMP\htdocs\project-shop\vendor\stripe\stripe-php\lib\Exception\ApiErrorException.php Рядок: 38  Повідомлення: Amount must convert to at least 50 cents. 7.50 ₴ converts to approximately $0.21.
файл: C:\MAMP\htdocs\project-shop\vendor\stripe\stripe-php\lib\Exception\ApiErrorException.php Рядок: 38  Повідомлення: Amount must convert to at least 50 cents. 7.50 ₴ converts to approximately $0.21.
файл: C:\MAMP\htdocs\project-shop\vendor\stripe\stripe-php\lib\Exception\ApiErrorException.php Рядок: 38  Повідомлення: Amount must convert to at least 50 cents. 7.50 ₴ converts to approximately $0.21.
файл: C:\MAMP\htdocs\project-shop\vendor\stripe\stripe-php\lib\Exception\ApiErrorException.php Рядок: 38  Повідомлення: Received unknown parameters: last-name, phone-number, surname, first-name
файл: C:\MAMP\htdocs\project-shop\vendor\stripe\stripe-php\lib\Exception\ApiErrorException.php Рядок: 38  Повідомлення: Received unknown parameters: last-name, phone-number, surname, first-name
файл: C:\MAMP\htdocs\project-shop\vendor\stripe\stripe-php\lib\Exception\ApiErrorException.php Рядок: 38  Повідомлення: Received unknown parameter: currency
файл: C:\MAMP\htdocs\project-shop\vendor\stripe\stripe-php\lib\Exception\ApiErrorException.php Рядок: 38  Повідомлення: Received unknown parameter: currency
файл: C:\MAMP\htdocs\project-shop\vendor\stripe\stripe-php\lib\Exception\ApiErrorException.php Рядок: 38  Повідомлення: Received unknown parameter: currency
файл: C:\MAMP\htdocs\project-shop\vendor\stripe\stripe-php\lib\Exception\ApiErrorException.php Рядок: 38  Повідомлення: Received unknown parameter: currency
файл: C:\MAMP\htdocs\project-shop\vendor\stripe\stripe-php\lib\Exception\ApiErrorException.php Рядок: 38  Повідомлення: Received unknown parameter: currency
файл: C:\MAMP\htdocs\project-shop\vendor\stripe\stripe-php\lib\Exception\ApiErrorException.php Рядок: 38  Повідомлення: Received unknown parameter: tex_exempt. Did you mean tax_exempt?
файл: C:\MAMP\htdocs\project-shop\vendor\stripe\stripe-php\lib\Exception\ApiErrorException.php Рядок: 38  Повідомлення: Received unknown parameter: tex_exempt. Did you mean tax_exempt?
файл: C:\MAMP\htdocs\project-shop\vendor\stripe\stripe-php\lib\Exception\ApiErrorException.php Рядок: 38  Повідомлення: Received unknown parameter: currenciy. Did you mean currency?
файл: C:\MAMP\htdocs\project-shop\vendor\stripe\stripe-php\lib\Exception\ApiErrorException.php Рядок: 38  Повідомлення: Received unknown parameter: currenciy. Did you mean currency?
файл: C:\MAMP\htdocs\project-shop\vendor\stripe\stripe-php\lib\Exception\ApiErrorException.php Рядок: 38  Повідомлення: Received unknown parameter: currenciy. Did you mean currency?
файл: C:\MAMP\htdocs\project-shop\vendor\stripe\stripe-php\lib\Exception\ApiErrorException.php Рядок: 38  Повідомлення: Received unknown parameter: name
файл: C:\MAMP\htdocs\project-shop\vendor\stripe\stripe-php\lib\Exception\ApiErrorException.php Рядок: 38  Повідомлення: Received unknown parameter: name
файл: C:\MAMP\htdocs\project-shop\vendor\stripe\stripe-php\lib\ApiRequestor.php Рядок: 368  Повідомлення: No API key provided.  (HINT: set your API key using "Stripe::setApiKey(<API-KEY>)".  You can generate API keys from the Stripe web interface.  See https://stripe.com/api for details, or email support@stripe.com if you have any questions.
файл: C:\MAMP\htdocs\project-shop\vendor\stripe\stripe-php\lib\ApiRequestor.php Рядок: 368  Повідомлення: No API key provided.  (HINT: set your API key using "Stripe::setApiKey(<API-KEY>)".  You can generate API keys from the Stripe web interface.  See https://stripe.com/api for details, or email support@stripe.com if you have any questions.
файл: C:\MAMP\htdocs\project-shop\vendor\stripe\stripe-php\lib\Exception\ApiErrorException.php Рядок: 38  Повідомлення: No such PaymentMethod: 'card'
файл: C:\MAMP\htdocs\project-shop\vendor\stripe\stripe-php\lib\Exception\ApiErrorException.php Рядок: 38  Повідомлення: No such PaymentMethod: 'card'
файл: C:\MAMP\htdocs\project-shop\vendor\stripe\stripe-php\lib\Exception\ApiErrorException.php Рядок: 38  Повідомлення: No such PaymentMethod: 'card'
файл: C:\MAMP\htdocs\project-shop\vendor\stripe\stripe-php\lib\Exception\ApiErrorException.php Рядок: 38  Повідомлення: Received unknown parameters: number, exp_month, exp_year
файл: C:\MAMP\htdocs\project-shop\vendor\stripe\stripe-php\lib\Exception\ApiErrorException.php Рядок: 38  Повідомлення: Received unknown parameters: number, exp_month, exp_year
файл: C:\MAMP\htdocs\project-shop\vendor\stripe\stripe-php\lib\Exception\ApiErrorException.php Рядок: 38  Повідомлення: Received unknown parameters: number, exp_month, exp_year
файл: C:\MAMP\htdocs\project-shop\vendor\stripe\stripe-php\lib\Exception\ApiErrorException.php Рядок: 38  Повідомлення: Received unknown parameters: number, exp_month, exp_year
файл: C:\MAMP\htdocs\project-shop\vendor\stripe\stripe-php\lib\Exception\ApiErrorException.php Рядок: 38  Повідомлення: Received unknown parameters: card, type
файл: C:\MAMP\htdocs\project-shop\vendor\stripe\stripe-php\lib\Exception\ApiErrorException.php Рядок: 38  Повідомлення: Received unknown parameters: type, card
файл: C:\MAMP\htdocs\project-shop\vendor\stripe\stripe-php\lib\Exception\ApiErrorException.php Рядок: 38  Повідомлення: Received unknown parameters: type, card
файл: C:\MAMP\htdocs\project-shop\vendor\stripe\stripe-php\lib\Exception\ApiErrorException.php Рядок: 38  Повідомлення: Sending credit card numbers directly to the Stripe API is generally unsafe. We suggest you use test tokens that map to the test card you are using, see https://stripe.com/docs/testing. To enable raw card data APIs in test mode, see https://support.stripe.com/questions/enabling-access-to-raw-card-data-apis.
файл: C:\MAMP\htdocs\project-shop\vendor\stripe\stripe-php\lib\Exception\ApiErrorException.php Рядок: 38  Повідомлення: Invalid API Key provided: sk_test_**********************************************************************************************mX4V
файл: C:\MAMP\htdocs\project-shop\vendor\stripe\stripe-php\lib\BaseStripeClient.php Рядок: 66  Повідомлення: $config must be a string or an array
файл: C:\MAMP\htdocs\project-shop\vendor\stripe\stripe-php\lib\BaseStripeClient.php Рядок: 66  Повідомлення: $config must be a string or an array
файл: C:\MAMP\htdocs\project-shop\vendor\stripe\stripe-php\lib\BaseStripeClient.php Рядок: 66  Повідомлення: $config must be a string or an array
файл: C:\MAMP\htdocs\project-shop\vendor\stripe\stripe-php\lib\BaseStripeClient.php Рядок: 66  Повідомлення: $config must be a string or an array
файл: C:\MAMP\htdocs\project-shop\vendor\stripe\stripe-php\lib\BaseStripeClient.php Рядок: 66  Повідомлення: $config must be a string or an array
файл: C:\MAMP\htdocs\project-shop\vendor\stripe\stripe-php\lib\BaseStripeClient.php Рядок: 66  Повідомлення: $config must be a string or an array
файл: C:\MAMP\htdocs\project-shop\vendor\stripe\stripe-php\lib\BaseStripeClient.php Рядок: 66  Повідомлення: $config must be a string or an array
файл: C:\MAMP\htdocs\project-shop\vendor\stripe\stripe-php\lib\BaseStripeClient.php Рядок: 66  Повідомлення: $config must be a string or an array
файл: C:\MAMP\htdocs\project-shop\vendor\stripe\stripe-php\lib\BaseStripeClient.php Рядок: 66  Повідомлення: $config must be a string or an array
файл: C:\MAMP\htdocs\project-shop\vendor\stripe\stripe-php\lib\BaseStripeClient.php Рядок: 66  Повідомлення: $config must be a string or an array
файл: C:\MAMP\htdocs\project-shop\vendor\stripe\stripe-php\lib\BaseStripeClient.php Рядок: 66  Повідомлення: $config must be a string or an array
файл: C:\MAMP\htdocs\project-shop\vendor\stripe\stripe-php\lib\BaseStripeClient.php Рядок: 66  Повідомлення: $config must be a string or an array
файл: C:\MAMP\htdocs\project-shop\vendor\stripe\stripe-php\lib\BaseStripeClient.php Рядок: 66  Повідомлення: $config must be a string or an array
файл: C:\MAMP\htdocs\project-shop\vendor\stripe\stripe-php\lib\BaseStripeClient.php Рядок: 66  Повідомлення: $config must be a string or an array
файл: C:\MAMP\htdocs\project-shop\vendor\stripe\stripe-php\lib\BaseStripeClient.php Рядок: 66  Повідомлення: $config must be a string or an array
файл: C:\MAMP\htdocs\project-shop\vendor\stripe\stripe-php\lib\BaseStripeClient.php Рядок: 66  Повідомлення: $config must be a string or an array
файл: C:\MAMP\htdocs\project-shop\vendor\stripe\stripe-php\lib\BaseStripeClient.php Рядок: 66  Повідомлення: $config must be a string or an array
файл: C:\MAMP\htdocs\project-shop\vendor\stripe\stripe-php\lib\BaseStripeClient.php Рядок: 66  Повідомлення: $config must be a string or an array
файл: C:\MAMP\htdocs\project-shop\vendor\stripe\stripe-php\lib\BaseStripeClient.php Рядок: 66  Повідомлення: $config must be a string or an array
файл: C:\MAMP\htdocs\project-shop\vendor\stripe\stripe-php\lib\BaseStripeClient.php Рядок: 66  Повідомлення: $config must be a string or an array
файл: C:\MAMP\htdocs\project-shop\vendor\stripe\stripe-php\lib\BaseStripeClient.php Рядок: 66  Повідомлення: $config must be a string or an array
файл: C:\MAMP\htdocs\project-shop\vendor\stripe\stripe-php\lib\BaseStripeClient.php Рядок: 66  Повідомлення: $config must be a string or an array
файл: C:\MAMP\htdocs\project-shop\vendor\stripe\stripe-php\lib\BaseStripeClient.php Рядок: 66  Повідомлення: $config must be a string or an array
файл: C:\MAMP\htdocs\project-shop\vendor\stripe\stripe-php\lib\BaseStripeClient.php Рядок: 66  Повідомлення: $config must be a string or an array
файл: C:\MAMP\htdocs\project-shop\vendor\stripe\stripe-php\lib\BaseStripeClient.php Рядок: 66  Повідомлення: $config must be a string or an array
файл: C:\MAMP\htdocs\project-shop\vendor\stripe\stripe-php\lib\Exception\ApiErrorException.php Рядок: 38  Повідомлення: No such customer: 'YOUR_CUSTOMER_ID'
файл: C:\MAMP\htdocs\project-shop\vendor\stripe\stripe-php\lib\Exception\ApiErrorException.php Рядок: 38  Повідомлення: Received unknown parameter: desctription. Did you mean description?
файл: C:\MAMP\htdocs\project-shop\vendor\stripe\stripe-php\lib\Exception\ApiErrorException.php Рядок: 38  Повідомлення: A `return_url` must be specified because this Payment Intent is configured to automatically accept the payment methods enabled in the Dashboard, some of which may require a full page redirect to succeed. If you do not want to accept redirect-based payment methods, set `automatic_payment_methods[enabled]` to `true` and `automatic_payment_methods[allow_redirects]` to `never` when creating Setup Intents and Payment Intents.
файл: C:\MAMP\htdocs\project-shop\vendor\stripe\stripe-php\lib\Exception\ApiErrorException.php Рядок: 38  Повідомлення: A `return_url` must be specified because this Payment Intent is configured to automatically accept the payment methods enabled in the Dashboard, some of which may require a full page redirect to succeed. If you do not want to accept redirect-based payment methods, set `automatic_payment_methods[enabled]` to `true` and `automatic_payment_methods[allow_redirects]` to `never` when creating Setup Intents and Payment Intents.
файл: C:\MAMP\htdocs\project-shop\vendor\stripe\stripe-php\lib\Exception\ApiErrorException.php Рядок: 38  Повідомлення: A `return_url` must be specified because this Payment Intent is configured to automatically accept the payment methods enabled in the Dashboard, some of which may require a full page redirect to succeed. If you do not want to accept redirect-based payment methods, set `automatic_payment_methods[enabled]` to `true` and `automatic_payment_methods[allow_redirects]` to `never` when creating Setup Intents and Payment Intents.
файл: C:\MAMP\htdocs\project-shop\vendor\stripe\stripe-php\lib\Exception\ApiErrorException.php Рядок: 38  Повідомлення: A `return_url` must be specified because this Payment Intent is configured to automatically accept the payment methods enabled in the Dashboard, some of which may require a full page redirect to succeed. If you do not want to accept redirect-based payment methods, set `automatic_payment_methods[enabled]` to `true` and `automatic_payment_methods[allow_redirects]` to `never` when creating Setup Intents and Payment Intents.
файл: C:\MAMP\htdocs\project-shop\vendor\stripe\stripe-php\lib\Exception\ApiErrorException.php Рядок: 38  Повідомлення: A `return_url` must be specified because this Payment Intent is configured to automatically accept the payment methods enabled in the Dashboard, some of which may require a full page redirect to succeed. If you do not want to accept redirect-based payment methods, set `automatic_payment_methods[enabled]` to `true` and `automatic_payment_methods[allow_redirects]` to `never` when creating Setup Intents and Payment Intents.
файл: C:\MAMP\htdocs\project-shop\vendor\stripe\stripe-php\lib\Exception\ApiErrorException.php Рядок: 38  Повідомлення: A `return_url` must be specified because this Payment Intent is configured to automatically accept the payment methods enabled in the Dashboard, some of which may require a full page redirect to succeed. If you do not want to accept redirect-based payment methods, set `automatic_payment_methods[enabled]` to `true` and `automatic_payment_methods[allow_redirects]` to `never` when creating Setup Intents and Payment Intents.
файл: C:\MAMP\htdocs\project-shop\vendor\stripe\stripe-php\lib\Exception\ApiErrorException.php Рядок: 38  Повідомлення: A `return_url` must be specified because this Payment Intent is configured to automatically accept the payment methods enabled in the Dashboard, some of which may require a full page redirect to succeed. If you do not want to accept redirect-based payment methods, set `automatic_payment_methods[enabled]` to `true` and `automatic_payment_methods[allow_redirects]` to `never` when creating Setup Intents and Payment Intents.
файл: C:\MAMP\htdocs\project-shop\vendor\stripe\stripe-php\lib\ApiRequestor.php Рядок: 368  Повідомлення: No API key provided.  (HINT: set your API key using "Stripe::setApiKey(<API-KEY>)".  You can generate API keys from the Stripe web interface.  See https://stripe.com/api for details, or email support@stripe.com if you have any questions.
файл: C:\MAMP\htdocs\project-shop\vendor\stripe\stripe-php\lib\ApiRequestor.php Рядок: 368  Повідомлення: No API key provided.  (HINT: set your API key using "Stripe::setApiKey(<API-KEY>)".  You can generate API keys from the Stripe web interface.  See https://stripe.com/api for details, or email support@stripe.com if you have any questions.
файл: C:\MAMP\htdocs\project-shop\vendor\stripe\stripe-php\lib\ApiRequestor.php Рядок: 368  Повідомлення: No API key provided.  (HINT: set your API key using "Stripe::setApiKey(<API-KEY>)".  You can generate API keys from the Stripe web interface.  See https://stripe.com/api for details, or email support@stripe.com if you have any questions.
файл: C:\MAMP\htdocs\project-shop\vendor\stripe\stripe-php\lib\ApiRequestor.php Рядок: 368  Повідомлення: No API key provided.  (HINT: set your API key using "Stripe::setApiKey(<API-KEY>)".  You can generate API keys from the Stripe web interface.  See https://stripe.com/api for details, or email support@stripe.com if you have any questions.
файл: C:\MAMP\htdocs\project-shop\vendor\stripe\stripe-php\lib\ApiRequestor.php Рядок: 368  Повідомлення: No API key provided.  (HINT: set your API key using "Stripe::setApiKey(<API-KEY>)".  You can generate API keys from the Stripe web interface.  See https://stripe.com/api for details, or email support@stripe.com if you have any questions.
файл: C:\MAMP\htdocs\project-shop\vendor\stripe\stripe-php\lib\ApiRequestor.php Рядок: 368  Повідомлення: No API key provided.  (HINT: set your API key using "Stripe::setApiKey(<API-KEY>)".  You can generate API keys from the Stripe web interface.  See https://stripe.com/api for details, or email support@stripe.com if you have any questions.
файл: C:\MAMP\htdocs\project-shop\vendor\stripe\stripe-php\lib\ApiRequestor.php Рядок: 368  Повідомлення: No API key provided.  (HINT: set your API key using "Stripe::setApiKey(<API-KEY>)".  You can generate API keys from the Stripe web interface.  See https://stripe.com/api for details, or email support@stripe.com if you have any questions.
файл: C:\MAMP\htdocs\project-shop\vendor\stripe\stripe-php\lib\ApiRequestor.php Рядок: 368  Повідомлення: No API key provided.  (HINT: set your API key using "Stripe::setApiKey(<API-KEY>)".  You can generate API keys from the Stripe web interface.  See https://stripe.com/api for details, or email support@stripe.com if you have any questions.
файл: C:\MAMP\htdocs\project-shop\vendor\stripe\stripe-php\lib\ApiRequestor.php Рядок: 368  Повідомлення: No API key provided.  (HINT: set your API key using "Stripe::setApiKey(<API-KEY>)".  You can generate API keys from the Stripe web interface.  See https://stripe.com/api for details, or email support@stripe.com if you have any questions.
файл: C:\MAMP\htdocs\project-shop\vendor\stripe\stripe-php\lib\ApiRequestor.php Рядок: 368  Повідомлення: No API key provided.  (HINT: set your API key using "Stripe::setApiKey(<API-KEY>)".  You can generate API keys from the Stripe web interface.  See https://stripe.com/api for details, or email support@stripe.com if you have any questions.
файл: C:\MAMP\htdocs\project-shop\vendor\stripe\stripe-php\lib\ApiRequestor.php Рядок: 368  Повідомлення: No API key provided.  (HINT: set your API key using "Stripe::setApiKey(<API-KEY>)".  You can generate API keys from the Stripe web interface.  See https://stripe.com/api for details, or email support@stripe.com if you have any questions.
файл: C:\MAMP\htdocs\project-shop\vendor\stripe\stripe-php\lib\ApiRequestor.php Рядок: 368  Повідомлення: No API key provided.  (HINT: set your API key using "Stripe::setApiKey(<API-KEY>)".  You can generate API keys from the Stripe web interface.  See https://stripe.com/api for details, or email support@stripe.com if you have any questions.
файл: C:\MAMP\htdocs\project-shop\vendor\stripe\stripe-php\lib\Exception\ApiErrorException.php Рядок: 38  Повідомлення: No such PaymentMethod: 'card'
файл: C:\MAMP\htdocs\project-shop\vendor\stripe\stripe-php\lib\Exception\ApiErrorException.php Рядок: 38  Повідомлення: No such PaymentMethod: 'card'
файл: C:\MAMP\htdocs\project-shop\vendor\stripe\stripe-php\lib\Exception\ApiErrorException.php Рядок: 38  Повідомлення: No such PaymentMethod: 'card'
файл: C:\MAMP\htdocs\project-shop\vendor\stripe\stripe-php\lib\Exception\ApiErrorException.php Рядок: 38  Повідомлення: No such PaymentMethod: 'card'
файл: C:\MAMP\htdocs\project-shop\vendor\stripe\stripe-php\lib\Exception\ApiErrorException.php Рядок: 38  Повідомлення: No such PaymentMethod: 'card'
файл: C:\MAMP\htdocs\project-shop\vendor\stripe\stripe-php\lib\Exception\ApiErrorException.php Рядок: 38  Повідомлення: No such PaymentMethod: 'card'
файл: C:\MAMP\htdocs\project-shop\vendor\stripe\stripe-php\lib\Exception\ApiErrorException.php Рядок: 38  Повідомлення: No such PaymentMethod: 'card'
файл: C:\MAMP\htdocs\project-shop\vendor\stripe\stripe-php\lib\Exception\ApiErrorException.php Рядок: 38  Повідомлення: No such PaymentMethod: 'card'
файл: C:\MAMP\htdocs\project-shop\vendor\stripe\stripe-php\lib\Exception\ApiErrorException.php Рядок: 38  Повідомлення: No such PaymentMethod: 'card'
файл: C:\MAMP\htdocs\project-shop\vendor\stripe\stripe-php\lib\Exception\ApiErrorException.php Рядок: 38  Повідомлення: No such PaymentMethod: 'card'
файл: C:\MAMP\htdocs\project-shop\vendor\stripe\stripe-php\lib\Exception\ApiErrorException.php Рядок: 38  Повідомлення: No such PaymentMethod: 'card'
файл: C:\MAMP\htdocs\project-shop\vendor\stripe\stripe-php\lib\Exception\ApiErrorException.php Рядок: 38  Повідомлення: No such PaymentMethod: 'card'
файл: C:\MAMP\htdocs\project-shop\vendor\stripe\stripe-php\lib\Exception\ApiErrorException.php Рядок: 38  Повідомлення: No such PaymentMethod: 'card'
файл: C:\MAMP\htdocs\project-shop\vendor\stripe\stripe-php\lib\Exception\ApiErrorException.php Рядок: 38  Повідомлення: No such PaymentMethod: 'card'
файл: C:\MAMP\htdocs\project-shop\vendor\stripe\stripe-php\lib\Exception\ApiErrorException.php Рядок: 38  Повідомлення: No such PaymentMethod: 'card'
файл: C:\MAMP\htdocs\project-shop\vendor\stripe\stripe-php\lib\Exception\ApiErrorException.php Рядок: 38  Повідомлення: A `return_url` must be specified because this Payment Intent is configured to automatically accept the payment methods enabled in the Dashboard, some of which may require a full page redirect to succeed. If you do not want to accept redirect-based payment methods, set `automatic_payment_methods[enabled]` to `true` and `automatic_payment_methods[allow_redirects]` to `never` when creating Setup Intents and Payment Intents.
файл: C:\MAMP\htdocs\project-shop\vendor\stripe\stripe-php\lib\Exception\ApiErrorException.php Рядок: 38  Повідомлення: No such PaymentMethod: 'card'
файл: C:\MAMP\htdocs\project-shop\vendor\stripe\stripe-php\lib\Exception\ApiErrorException.php Рядок: 38  Повідомлення: Invalid string: {:"0"=>"card"}
файл: C:\MAMP\htdocs\project-shop\vendor\stripe\stripe-php\lib\Exception\ApiErrorException.php Рядок: 38  Повідомлення: Invalid string: {:"0"=>"card"}
файл: C:\MAMP\htdocs\project-shop\vendor\stripe\stripe-php\lib\Exception\ApiErrorException.php Рядок: 38  Повідомлення: A `return_url` must be specified because this Payment Intent is configured to automatically accept the payment methods enabled in the Dashboard, some of which may require a full page redirect to succeed. If you do not want to accept redirect-based payment methods, set `automatic_payment_methods[enabled]` to `true` and `automatic_payment_methods[allow_redirects]` to `never` when creating Setup Intents and Payment Intents.
файл: C:\MAMP\htdocs\project-shop\vendor\stripe\stripe-php\lib\Exception\ApiErrorException.php Рядок: 38  Повідомлення: A `return_url` must be specified because this Payment Intent is configured to automatically accept the payment methods enabled in the Dashboard, some of which may require a full page redirect to succeed. If you do not want to accept redirect-based payment methods, set `automatic_payment_methods[enabled]` to `true` and `automatic_payment_methods[allow_redirects]` to `never` when creating Setup Intents and Payment Intents.
файл: C:\MAMP\htdocs\project-shop\vendor\stripe\stripe-php\lib\Exception\ApiErrorException.php Рядок: 38  Повідомлення: A `return_url` must be specified because this Payment Intent is configured to automatically accept the payment methods enabled in the Dashboard, some of which may require a full page redirect to succeed. If you do not want to accept redirect-based payment methods, set `automatic_payment_methods[enabled]` to `true` and `automatic_payment_methods[allow_redirects]` to `never` when creating Setup Intents and Payment Intents.
файл: C:\MAMP\htdocs\project-shop\vendor\stripe\stripe-php\lib\Exception\ApiErrorException.php Рядок: 38  Повідомлення: A `return_url` must be specified because this Payment Intent is configured to automatically accept the payment methods enabled in the Dashboard, some of which may require a full page redirect to succeed. If you do not want to accept redirect-based payment methods, set `automatic_payment_methods[enabled]` to `true` and `automatic_payment_methods[allow_redirects]` to `never` when creating Setup Intents and Payment Intents.
файл: C:\MAMP\htdocs\project-shop\vendor\stripe\stripe-php\lib\Exception\ApiErrorException.php Рядок: 38  Повідомлення: A `return_url` must be specified because this Payment Intent is configured to automatically accept the payment methods enabled in the Dashboard, some of which may require a full page redirect to succeed. If you do not want to accept redirect-based payment methods, set `automatic_payment_methods[enabled]` to `true` and `automatic_payment_methods[allow_redirects]` to `never` when creating Setup Intents and Payment Intents.
файл: C:\MAMP\htdocs\project-shop\vendor\stripe\stripe-php\lib\Exception\ApiErrorException.php Рядок: 38  Повідомлення: A `return_url` must be specified because this Payment Intent is configured to automatically accept the payment methods enabled in the Dashboard, some of which may require a full page redirect to succeed. If you do not want to accept redirect-based payment methods, set `automatic_payment_methods[enabled]` to `true` and `automatic_payment_methods[allow_redirects]` to `never` when creating Setup Intents and Payment Intents.
файл: C:\MAMP\htdocs\project-shop\vendor\stripe\stripe-php\lib\Exception\ApiErrorException.php Рядок: 38  Повідомлення: A `return_url` must be specified because this Payment Intent is configured to automatically accept the payment methods enabled in the Dashboard, some of which may require a full page redirect to succeed. If you do not want to accept redirect-based payment methods, set `automatic_payment_methods[enabled]` to `true` and `automatic_payment_methods[allow_redirects]` to `never` when creating Setup Intents and Payment Intents.
файл: C:\MAMP\htdocs\project-shop\vendor\stripe\stripe-php\lib\Exception\ApiErrorException.php Рядок: 38  Повідомлення: A `return_url` must be specified because this Payment Intent is configured to automatically accept the payment methods enabled in the Dashboard, some of which may require a full page redirect to succeed. If you do not want to accept redirect-based payment methods, set `automatic_payment_methods[enabled]` to `true` and `automatic_payment_methods[allow_redirects]` to `never` when creating Setup Intents and Payment Intents.
файл: C:\MAMP\htdocs\project-shop\vendor\stripe\stripe-php\lib\Exception\ApiErrorException.php Рядок: 38  Повідомлення: Received unknown parameter: client_secret
файл: C:\MAMP\htdocs\project-shop\vendor\stripe\stripe-php\lib\Exception\ApiErrorException.php Рядок: 38  Повідомлення: Received unknown parameter: client_secret
файл: C:\MAMP\htdocs\project-shop\vendor\stripe\stripe-php\lib\Exception\ApiErrorException.php Рядок: 38  Повідомлення: Received unknown parameter: client_secret
файл: C:\MAMP\htdocs\project-shop\vendor\stripe\stripe-php\lib\Exception\ApiErrorException.php Рядок: 38  Повідомлення: Received unknown parameter: client_secret
файл: C:\MAMP\htdocs\project-shop\vendor\stripe\stripe-php\lib\Exception\ApiErrorException.php Рядок: 38  Повідомлення: Received unknown parameter: client_secret
файл: C:\MAMP\htdocs\project-shop\vendor\stripe\stripe-php\lib\HttpClient\CurlClient.php Рядок: 579  Повідомлення: Could not connect to Stripe (https://api.stripe.com/v1/payment_intents).  Please check your internet connection and try again.  If this problem persists, you should check Stripe's service status at https://twitter.com/stripestatus, or let us know at support@stripe.com.

(Network error [errno 6]: Could not resolve host: api.stripe.com)
файл: C:\MAMP\htdocs\project-shop\vendor\stripe\stripe-php\lib\HttpClient\CurlClient.php Рядок: 579  Повідомлення: Could not connect to Stripe (https://api.stripe.com/v1/payment_intents).  Please check your internet connection and try again.  If this problem persists, you should check Stripe's service status at https://twitter.com/stripestatus, or let us know at support@stripe.com.

(Network error [errno 6]: Could not resolve host: api.stripe.com)
файл: C:\MAMP\htdocs\project-shop\vendor\stripe\stripe-php\lib\HttpClient\CurlClient.php Рядок: 579  Повідомлення: Could not connect to Stripe (https://api.stripe.com/v1/payment_intents).  Please check your internet connection and try again.  If this problem persists, you should check Stripe's service status at https://twitter.com/stripestatus, or let us know at support@stripe.com.

(Network error [errno 6]: Could not resolve host: api.stripe.com)
файл: C:\MAMP\htdocs\project-shop\vendor\stripe\stripe-php\lib\HttpClient\CurlClient.php Рядок: 579  Повідомлення: Could not connect to Stripe (https://api.stripe.com/v1/payment_intents).  Please check your internet connection and try again.  If this problem persists, you should check Stripe's service status at https://twitter.com/stripestatus, or let us know at support@stripe.com.

(Network error [errno 6]: Could not resolve host: api.stripe.com)
файл: C:\MAMP\htdocs\project-shop\vendor\stripe\stripe-php\lib\Exception\ApiErrorException.php Рядок: 38  Повідомлення: A token may not be passed in as a Source. You can convert your token into a Source using /v1/sources with card[token]=tok_1OFJk0JcybMk0KW9LQk8k0qC.
файл: C:\MAMP\htdocs\project-shop\vendor\stripe\stripe-php\lib\Exception\ApiErrorException.php Рядок: 38  Повідомлення: A token may not be passed in as a Source. You can convert your token into a Source using /v1/sources with card[token]=tok_1OFJl4JcybMk0KW97Q2UZw0r.
файл: C:\MAMP\htdocs\project-shop\vendor\stripe\stripe-php\lib\Exception\ApiErrorException.php Рядок: 38  Повідомлення: A token may not be passed in as a Source. You can convert your token into a Source using /v1/sources with card[token]=tok_1OFJl6JcybMk0KW9C2RiyrHu.
файл: C:\MAMP\htdocs\project-shop\vendor\stripe\stripe-php\lib\Exception\ApiErrorException.php Рядок: 38  Повідомлення: Sending credit card numbers directly to the Stripe API is generally unsafe. We suggest you use test tokens that map to the test card you are using, see https://stripe.com/docs/testing. To enable raw card data APIs in test mode, see https://support.stripe.com/questions/enabling-access-to-raw-card-data-apis.
файл: C:\MAMP\htdocs\project-shop\vendor\stripe\stripe-php\lib\Exception\ApiErrorException.php Рядок: 38  Повідомлення: Sending credit card numbers directly to the Stripe API is generally unsafe. We suggest you use test tokens that map to the test card you are using, see https://stripe.com/docs/testing. To enable raw card data APIs in test mode, see https://support.stripe.com/questions/enabling-access-to-raw-card-data-apis.
файл: C:\MAMP\htdocs\project-shop\vendor\stripe\stripe-php\lib\Exception\ApiErrorException.php Рядок: 38  Повідомлення: Sending credit card numbers directly to the Stripe API is generally unsafe. We suggest you use test tokens that map to the test card you are using, see https://stripe.com/docs/testing. To enable raw card data APIs in test mode, see https://support.stripe.com/questions/enabling-access-to-raw-card-data-apis.
файл: C:\MAMP\htdocs\project-shop\vendor\stripe\stripe-php\lib\Exception\ApiErrorException.php Рядок: 38  Повідомлення: You must supply either a card, customer, PII data, bank account, or account legal entity to create a token. If you're making this request with a library, be sure to pass all of the required parameters for creating a token. If you're making this request manually, be sure your POST parameters begin with the token type. For example, a PII token would require `pii[personal_id_number]`, while an account token would require a parameter beginning with `account[legal_entity]`. See the API reference for more information: https://stripe.com/docs/api#token_object
файл: C:\MAMP\htdocs\project-shop\vendor\stripe\stripe-php\lib\Exception\ApiErrorException.php Рядок: 38  Повідомлення: Sending credit card numbers directly to the Stripe API is generally unsafe. We suggest you use test tokens that map to the test card you are using, see https://stripe.com/docs/testing. To enable raw card data APIs in test mode, see https://support.stripe.com/questions/enabling-access-to-raw-card-data-apis.
файл: C:\MAMP\htdocs\project-shop\vendor\stripe\stripe-php\lib\Exception\ApiErrorException.php Рядок: 38  Повідомлення: Sending credit card numbers directly to the Stripe API is generally unsafe. We suggest you use test tokens that map to the test card you are using, see https://stripe.com/docs/testing. To enable raw card data APIs in test mode, see https://support.stripe.com/questions/enabling-access-to-raw-card-data-apis.
файл: C:\MAMP\htdocs\project-shop\vendor\stripe\stripe-php\lib\Exception\ApiErrorException.php Рядок: 38  Повідомлення: Sending credit card numbers directly to the Stripe API is generally unsafe. We suggest you use test tokens that map to the test card you are using, see https://stripe.com/docs/testing. To enable raw card data APIs in test mode, see https://support.stripe.com/questions/enabling-access-to-raw-card-data-apis.
файл: C:\MAMP\htdocs\project-shop\vendor\stripe\stripe-php\lib\Exception\ApiErrorException.php Рядок: 38  Повідомлення: Sending credit card numbers directly to the Stripe API is generally unsafe. We suggest you use test tokens that map to the test card you are using, see https://stripe.com/docs/testing. To enable raw card data APIs in test mode, see https://support.stripe.com/questions/enabling-access-to-raw-card-data-apis.
файл: C:\MAMP\htdocs\project-shop\vendor\stripe\stripe-php\lib\Exception\ApiErrorException.php Рядок: 38  Повідомлення: Sending credit card numbers directly to the Stripe API is generally unsafe. We suggest you use test tokens that map to the test card you are using, see https://stripe.com/docs/testing. To enable raw card data APIs in test mode, see https://support.stripe.com/questions/enabling-access-to-raw-card-data-apis.
файл: C:\MAMP\htdocs\project-shop\vendor\stripe\stripe-php\lib\Exception\ApiErrorException.php Рядок: 38  Повідомлення: Sending credit card numbers directly to the Stripe API is generally unsafe. We suggest you use test tokens that map to the test card you are using, see https://stripe.com/docs/testing. To enable raw card data APIs in test mode, see https://support.stripe.com/questions/enabling-access-to-raw-card-data-apis.
файл: C:\MAMP\htdocs\project-shop\vendor\stripe\stripe-php\lib\Exception\ApiErrorException.php Рядок: 38  Повідомлення: Sending credit card numbers directly to the Stripe API is generally unsafe. We suggest you use test tokens that map to the test card you are using, see https://stripe.com/docs/testing. To enable raw card data APIs in test mode, see https://support.stripe.com/questions/enabling-access-to-raw-card-data-apis.
файл: C:\MAMP\htdocs\project-shop\vendor\stripe\stripe-php\lib\Exception\ApiErrorException.php Рядок: 38  Повідомлення: No valid payment method types for this Payment Intent. Please ensure that you have activated payment methods compatible with your chosen currency in your dashboard (https://dashboard.stripe.com/settings/payment_methods) or specify payment_method_types
файл: C:\MAMP\htdocs\project-shop\vendor\stripe\stripe-php\lib\Exception\ApiErrorException.php Рядок: 38  Повідомлення: All types provided in `payment_method_types` are invalid. Please ensure the provided types are activated in your dashboard (https://dashboard.stripe.com/account/payments/settings) and your account is enabled for any preview features that you are trying to use.
файл: C:\MAMP\htdocs\project-shop\vendor\stripe\stripe-php\lib\Exception\ApiErrorException.php Рядок: 38  Повідомлення: All types provided in `payment_method_types` are invalid. Please ensure the provided types are activated in your dashboard (https://dashboard.stripe.com/account/payments/settings) and your account is enabled for any preview features that you are trying to use.
файл: C:\MAMP\htdocs\project-shop\vendor\stripe\stripe-php\lib\Exception\ApiErrorException.php Рядок: 38  Повідомлення: All types provided in `payment_method_types` are invalid. Please ensure the provided types are activated in your dashboard (https://dashboard.stripe.com/account/payments/settings) and your account is enabled for any preview features that you are trying to use.
файл: C:\MAMP\htdocs\project-shop\vendor\stripe\stripe-php\lib\Exception\ApiErrorException.php Рядок: 38  Повідомлення: All types provided in `payment_method_types` are invalid. Please ensure the provided types are activated in your dashboard (https://dashboard.stripe.com/account/payments/settings) and your account is enabled for any preview features that you are trying to use.
файл: C:\MAMP\htdocs\project-shop\vendor\stripe\stripe-php\lib\Exception\ApiErrorException.php Рядок: 38  Повідомлення: All types provided in `payment_method_types` are invalid. Please ensure the provided types are activated in your dashboard (https://dashboard.stripe.com/account/payments/settings) and your account is enabled for any preview features that you are trying to use.
файл: C:\MAMP\htdocs\project-shop\vendor\stripe\stripe-php\lib\Exception\ApiErrorException.php Рядок: 38  Повідомлення: Amount must convert to at least 50 cents. 1.00 ₴ converts to approximately $0.03.
файл: C:\MAMP\htdocs\project-shop\vendor\stripe\stripe-php\lib\Exception\ApiErrorException.php Рядок: 38  Повідомлення: No such price: 'price_H5ggYwtDq4fbrJ'
файл: C:\MAMP\htdocs\project-shop\vendor\stripe\stripe-php\lib\Exception\ApiErrorException.php Рядок: 38  Повідомлення: No such price: 'price_H5ggYwtDq4fbrJ'
файл: C:\MAMP\htdocs\project-shop\vendor\stripe\stripe-php\lib\Exception\ApiErrorException.php Рядок: 38  Повідомлення: No such price: 'price_H5ggYwtDq4fbrJ'
файл: C:\MAMP\htdocs\project-shop\vendor\stripe\stripe-php\lib\Exception\ApiErrorException.php Рядок: 38  Повідомлення: No such price: 'price_H5ggYwtDq4fbrJ'
файл: C:\MAMP\htdocs\project-shop\vendor\stripe\stripe-php\lib\Exception\ApiErrorException.php Рядок: 38  Повідомлення: No such price: 'price_H5ggYwtDq4fbrJ'
файл: C:\MAMP\htdocs\project-shop\vendor\stripe\stripe-php\lib\Exception\ApiErrorException.php Рядок: 38  Повідомлення: No such price: 'price_H5ggYwtDq4fbrJ'
файл: C:\MAMP\htdocs\project-shop\vendor\stripe\stripe-php\lib\Exception\ApiErrorException.php Рядок: 38  Повідомлення: No such price: 'price_H5ggYwtDq4fbrJ'
файл: C:\MAMP\htdocs\project-shop\vendor\stripe\stripe-php\lib\Exception\ApiErrorException.php Рядок: 38  Повідомлення: No such price: 'price_H5ggYwtDq4fbrJ'
файл: C:\MAMP\htdocs\project-shop\vendor\stripe\stripe-php\lib\Exception\ApiErrorException.php Рядок: 38  Повідомлення: No such price: 'price_H5ggYwtDq4fbrJ'
файл: C:\MAMP\htdocs\project-shop\vendor\stripe\stripe-php\lib\Exception\ApiErrorException.php Рядок: 38  Повідомлення: No such price: 'price_H5ggYwtDq4fbrJ'
файл: C:\MAMP\htdocs\project-shop\vendor\stripe\stripe-php\lib\Exception\ApiErrorException.php Рядок: 38  Повідомлення: No such price: 'price_H5ggYwtDq4fbrJ'
файл: C:\MAMP\htdocs\project-shop\vendor\stripe\stripe-php\lib\Exception\ApiErrorException.php Рядок: 38  Повідомлення: No such price: 'price_H5ggYwtDq4fbrJ'
файл: C:\MAMP\htdocs\project-shop\vendor\stripe\stripe-php\lib\Exception\ApiErrorException.php Рядок: 38  Повідомлення: No such price: 'price_H5ggYwtDq4fbrJ'
файл: C:\MAMP\htdocs\project-shop\vendor\stripe\stripe-php\lib\Exception\ApiErrorException.php Рядок: 38  Повідомлення: No such price: 'price_H5ggYwtDq4fbrJ'
файл: C:\MAMP\htdocs\project-shop\vendor\stripe\stripe-php\lib\Exception\ApiErrorException.php Рядок: 38  Повідомлення: No such price: 'price_H5ggYwtDq4fbrJ'
файл: C:\MAMP\htdocs\project-shop\vendor\stripe\stripe-php\lib\Exception\ApiErrorException.php Рядок: 38  Повідомлення: No such price: 'price_H5ggYwtDq4fbrJ'
файл: C:\MAMP\htdocs\project-shop\vendor\stripe\stripe-php\lib\Exception\ApiErrorException.php Рядок: 38  Повідомлення: No such price: 'price_H5ggYwtDq4fbrJ'
файл: C:\MAMP\htdocs\project-shop\vendor\stripe\stripe-php\lib\Exception\ApiErrorException.php Рядок: 38  Повідомлення: No such price: 'price_H5ggYwtDq4fbrJ'
файл: C:\MAMP\htdocs\project-shop\vendor\stripe\stripe-php\lib\Exception\ApiErrorException.php Рядок: 38  Повідомлення: No such price: 'price_H5ggYwtDq4fbrJ'
файл: C:\MAMP\htdocs\project-shop\vendor\stripe\stripe-php\lib\Exception\ApiErrorException.php Рядок: 38  Повідомлення: No such price: 'price_H5ggYwtDq4fbrJ'
файл: C:\MAMP\htdocs\project-shop\vendor\stripe\stripe-php\lib\Exception\ApiErrorException.php Рядок: 38  Повідомлення: No such price: 'price_H5ggYwtDq4fbrJ'
файл: C:\MAMP\htdocs\project-shop\vendor\stripe\stripe-php\lib\Exception\ApiErrorException.php Рядок: 38  Повідомлення: No such price: 'price_H5ggYwtDq4fbrJ'
файл: C:\MAMP\htdocs\project-shop\vendor\stripe\stripe-php\lib\Exception\ApiErrorException.php Рядок: 38  Повідомлення: Received unknown parameter: line_items[0][data_price]
файл: C:\MAMP\htdocs\project-shop\vendor\stripe\stripe-php\lib\Exception\ApiErrorException.php Рядок: 38  Повідомлення: Received unknown parameter: line_items[0][data_price]
файл: C:\MAMP\htdocs\project-shop\vendor\stripe\stripe-php\lib\Exception\ApiErrorException.php Рядок: 38  Повідомлення: Received unknown parameter: line_items[0][data_price]
файл: C:\MAMP\htdocs\project-shop\vendor\stripe\stripe-php\lib\Exception\ApiErrorException.php Рядок: 38  Повідомлення: Received unknown parameter: line_items[0][data_price]
файл: C:\MAMP\htdocs\project-shop\vendor\stripe\stripe-php\lib\Exception\ApiErrorException.php Рядок: 38  Повідомлення: Received unknown parameter: line_items[0][data_price]
файл: C:\MAMP\htdocs\project-shop\vendor\stripe\stripe-php\lib\Exception\ApiErrorException.php Рядок: 38  Повідомлення: Received unknown parameter: line_items[0][data_price]
файл: C:\MAMP\htdocs\project-shop\vendor\stripe\stripe-php\lib\Exception\ApiErrorException.php Рядок: 38  Повідомлення: Received unknown parameter: line_items[0][data_price]
файл: C:\MAMP\htdocs\project-shop\vendor\stripe\stripe-php\lib\Exception\ApiErrorException.php Рядок: 38  Повідомлення: Received unknown parameter: line_items[0][data_price]
файл: C:\MAMP\htdocs\project-shop\vendor\stripe\stripe-php\lib\Exception\ApiErrorException.php Рядок: 38  Повідомлення: Received unknown parameter: line_items[0][data_price]
файл: C:\MAMP\htdocs\project-shop\vendor\stripe\stripe-php\lib\Exception\ApiErrorException.php Рядок: 38  Повідомлення: Received unknown parameter: line_items[0][data_price]
файл: C:\MAMP\htdocs\project-shop\vendor\stripe\stripe-php\lib\Exception\ApiErrorException.php Рядок: 38  Повідомлення: No such price: 'price_H5ggYwtDq4fbrJ'
файл: C:\MAMP\htdocs\project-shop\vendor\stripe\stripe-php\lib\Exception\ApiErrorException.php Рядок: 38  Повідомлення: No such price: 'price_H5ggYwtDq4fbrJ'
файл: C:\MAMP\htdocs\project-shop\vendor\stripe\stripe-php\lib\Exception\ApiErrorException.php Рядок: 38  Повідомлення: The `price` parameter should be the ID of a price object, rather than the literal numerical price. Please see https://stripe.com/docs/billing/prices-guide#create-prices for more information about how to set up price objects.
файл: C:\MAMP\htdocs\project-shop\vendor\stripe\stripe-php\lib\ApiRequestor.php Рядок: 368  Повідомлення: No API key provided.  (HINT: set your API key using "Stripe::setApiKey(<API-KEY>)".  You can generate API keys from the Stripe web interface.  See https://stripe.com/api for details, or email support@stripe.com if you have any questions.
файл: C:\MAMP\htdocs\project-shop\vendor\stripe\stripe-php\lib\ApiRequestor.php Рядок: 368  Повідомлення: No API key provided.  (HINT: set your API key using "Stripe::setApiKey(<API-KEY>)".  You can generate API keys from the Stripe web interface.  See https://stripe.com/api for details, or email support@stripe.com if you have any questions.
файл: C:\MAMP\htdocs\project-shop\vendor\stripe\stripe-php\lib\ApiRequestor.php Рядок: 368  Повідомлення: No API key provided.  (HINT: set your API key using "Stripe::setApiKey(<API-KEY>)".  You can generate API keys from the Stripe web interface.  See https://stripe.com/api for details, or email support@stripe.com if you have any questions.
файл: C:\MAMP\htdocs\project-shop\vendor\stripe\stripe-php\lib\Exception\ApiErrorException.php Рядок: 38  Повідомлення: You must specify either `product` or `product_data` when creating a price.
файл: C:\MAMP\htdocs\project-shop\vendor\stripe\stripe-php\lib\Exception\ApiErrorException.php Рядок: 38  Повідомлення: You must specify either `product` or `product_data` when creating a price.
файл: C:\MAMP\htdocs\project-shop\vendor\stripe\stripe-php\lib\Exception\ApiErrorException.php Рядок: 38  Повідомлення: You must specify either `product` or `product_data` when creating a price.
файл: C:\MAMP\htdocs\project-shop\vendor\stripe\stripe-php\lib\Exception\ApiErrorException.php Рядок: 38  Повідомлення: You must specify either `product` or `product_data` when creating a price.
файл: C:\MAMP\htdocs\project-shop\vendor\stripe\stripe-php\lib\Exception\ApiErrorException.php Рядок: 38  Повідомлення: You must specify either `product` or `product_data` when creating a price.
файл: C:\MAMP\htdocs\project-shop\vendor\stripe\stripe-php\lib\Exception\ApiErrorException.php Рядок: 38  Повідомлення: No such product: 'prod_P3hQJKZixYYX2Y'
файл: C:\MAMP\htdocs\project-shop\vendor\stripe\stripe-php\lib\Exception\ApiErrorException.php Рядок: 38  Повідомлення: No such product: 'prod_P3hQJKZixYYX2Y'
файл: C:\MAMP\htdocs\project-shop\vendor\stripe\stripe-php\lib\Exception\ApiErrorException.php Рядок: 38  Повідомлення: The `price` parameter should be the ID of a price object, rather than the literal numerical price. Please see https://stripe.com/docs/billing/prices-guide#create-prices for more information about how to set up price objects.
файл: C:\MAMP\htdocs\project-shop\vendor\stripe\stripe-php\lib\Exception\ApiErrorException.php Рядок: 38  Повідомлення: The `price` parameter should be the ID of a price object, rather than the literal numerical price. Please see https://stripe.com/docs/billing/prices-guide#create-prices for more information about how to set up price objects.
файл: C:\MAMP\htdocs\project-shop\vendor\stripe\stripe-php\lib\Exception\ApiErrorException.php Рядок: 38  Повідомлення: The `price` parameter should be the ID of a price object, rather than the literal numerical price. Please see https://stripe.com/docs/billing/prices-guide#create-prices for more information about how to set up price objects.
файл: C:\MAMP\htdocs\project-shop\vendor\stripe\stripe-php\lib\Exception\ApiErrorException.php Рядок: 38  Повідомлення: The `price` parameter should be the ID of a price object, rather than the literal numerical price. Please see https://stripe.com/docs/billing/prices-guide#create-prices for more information about how to set up price objects.
файл: C:\MAMP\htdocs\project-shop\vendor\stripe\stripe-php\lib\Exception\ApiErrorException.php Рядок: 38  Повідомлення: The `price` parameter should be the ID of a price object, rather than the literal numerical price. Please see https://stripe.com/docs/billing/prices-guide#create-prices for more information about how to set up price objects.
файл: C:\MAMP\htdocs\project-shop\vendor\stripe\stripe-php\lib\Exception\ApiErrorException.php Рядок: 38  Повідомлення: The `price` parameter should be the ID of a price object, rather than the literal numerical price. Please see https://stripe.com/docs/billing/prices-guide#create-prices for more information about how to set up price objects.
файл: C:\MAMP\htdocs\project-shop\vendor\stripe\stripe-php\lib\Exception\ApiErrorException.php Рядок: 38  Повідомлення: The `price` parameter should be the ID of a price object, rather than the literal numerical price. Please see https://stripe.com/docs/billing/prices-guide#create-prices for more information about how to set up price objects.
файл: C:\MAMP\htdocs\project-shop\vendor\stripe\stripe-php\lib\Exception\ApiErrorException.php Рядок: 38  Повідомлення: You may only specify one of these parameters: customer, customer_email.
файл: C:\MAMP\htdocs\project-shop\vendor\stripe\stripe-php\lib\Exception\ApiErrorException.php Рядок: 38  Повідомлення: Invalid string: {:email=>"dimamalyi@gmailc.com", :phone=>"+380931541902", :name=>"Dmytro"}
файл: C:\MAMP\htdocs\project-shop\vendor\stripe\stripe-php\lib\Exception\ApiErrorException.php Рядок: 38  Повідомлення: Invalid string: {:surname=>"Olegivych", :first_name=>"Dmytro", :last_name=>"Morykvas"}
файл: C:\MAMP\htdocs\project-shop\vendor\stripe\stripe-php\lib\Exception\ApiErrorException.php Рядок: 38  Повідомлення: Invalid string: {:surname=>"Olegivych", :first_name=>"Dmytro", :last_name=>"Morykvas"}
файл: C:\MAMP\htdocs\project-shop\data_processor\design-products.php Рядок: 170  Повідомлення: помилка при валідації форми замовлення продуктів
файл: C:\MAMP\htdocs\project-shop\data_processor\design-products.php Рядок: 173  Повідомлення: помилка при валідації форми замовлення продуктів
файл: C:\MAMP\htdocs\project-shop\data_processor\design-products.php Рядок: 173  Повідомлення: помилка при валідації форми замовлення продуктів
файл: C:\MAMP\htdocs\project-shop\data_processor\design-products.php Рядок: 173  Повідомлення: помилка при валідації форми замовлення продуктів
файл: C:\MAMP\htdocs\project-shop\data_processor\design-products.php Рядок: 173  Повідомлення: помилка при валідації форми замовлення продуктів
