Файл: C:\MAMP\htdocs\project\data_processor\edit-products.php  Рядок: 61  Повідомлення: форма не пройшла валідацію
Файл: C:\MAMP\htdocs\project\data_processor\edit-products.php  Рядок: 61  Повідомлення: форма не пройшла валідацію
Файл: C:\MAMP\htdocs\project\data_processor\edit-products.php  Рядок: 54  Повідомлення: форма не пройшла валідацію
Файл: C:\MAMP\htdocs\project\data_processor\edit-products.php  Рядок: 54  Повідомлення: форма не пройшла валідацію
Файл: C:\MAMP\htdocs\project\data_processor\edit-products.php  Рядок: 47  Повідомлення: форма не пройшла валідацію
Файл: C:\MAMP\htdocs\project\data_processor\edit-products.php  Рядок: 50  Повідомлення: форма не пройшла валідацію
Файл: C:\MAMP\htdocs\project\data_processor\edit-products.php  Рядок: 56  Повідомлення: форма не пройшла валідацію
Файл: C:\MAMP\htdocs\project\data_processor\edit-products.php  Рядок: 56  Повідомлення: користувач не заповнив жодного поля для редагування
Файл: C:\MAMP\htdocs\project\data_processor\edit-products.php  Рядок: 60  Повідомлення: користувач не заповнив жодного поля для редагування
Файл: C:\MAMP\htdocs\project\data_processor\edit-products.php  Рядок: 60  Повідомлення: користувач не заповнив жодного поля для редагування
Файл: C:\MAMP\htdocs\project\data_processor\edit-products.php  Рядок: 55  Повідомлення: користувач не заповнив жодного поля для редагування
Файл: C:\MAMP\htdocs\project\data_processor\edit-products.php  Рядок: 60  Повідомлення: користувач не заповнив жодного поля для редагування
Файл: C:\MAMP\htdocs\project\data_processor\edit-products.php  Рядок: 60  Повідомлення: користувач не заповнив жодного поля для редагування
Файл: C:\MAMP\htdocs\project\data_processor\edit-products.php  Рядок: 60  Повідомлення: користувач не заповнив жодного поля для редагування
Файл: C:\MAMP\htdocs\project\data_processor\edit-products.php  Рядок: 60  Повідомлення: користувач не заповнив жодного поля для редагування
Файл: C:\MAMP\htdocs\project\data_processor\edit-products.php  Рядок: 55  Повідомлення: користувач не заповнив жодного поля для редагування
Файл: C:\MAMP\htdocs\project\data_processor\edit-products.php  Рядок: 55  Повідомлення: користувач не заповнив жодного поля для редагування
Файл: C:\MAMP\htdocs\project\data_processor\edit-products.php  Рядок: 60  Повідомлення: користувач не заповнив жодного поля для редагування
Файл: C:\MAMP\htdocs\project\data_processor\edit-products.php  Рядок: 55  Повідомлення: користувач не заповнив жодного поля для редагування
Файл: C:\MAMP\htdocs\project\data_processor\edit-products.php  Рядок: 55  Повідомлення: користувач не заповнив жодного поля для редагування
Файл: C:\MAMP\htdocs\project\data_processor\edit-products.php  Рядок: 55  Повідомлення: користувач не заповнив жодного поля для редагування
Файл: C:\MAMP\htdocs\project\data_processor\edit-products.php  Рядок: 55  Повідомлення: користувач не заповнив жодного поля для редагування
Файл: C:\MAMP\htdocs\project\data_processor\edit-products.php  Рядок: 55  Повідомлення: користувач не заповнив жодного поля для редагування
Файл: C:\MAMP\htdocs\project\data_processor\edit-products.php  Рядок: 55  Повідомлення: користувач не заповнив жодного поля для редагування
Файл: C:\MAMP\htdocs\project\data_processor\edit-products.php  Рядок: 54  Повідомлення: користувач не заповнив жодного поля для редагування
Файл: C:\MAMP\htdocs\project\data_processor\edit-products.php  Рядок: 54  Повідомлення: користувач не заповнив жодного поля для редагування
Файл: C:\MAMP\htdocs\project-shop\data_processor\edit-products.php  Рядок: 62  Повідомлення: користувач не заповнив жодного поля для редагування
Файл: C:\MAMP\htdocs\project-shop\data_processor\edit-products.php  Рядок: 63  Повідомлення: користувач не заповнив жодного поля для редагування
Файл: C:\MAMP\htdocs\project-shop\data_processor\edit-products.php  Рядок: 63  Повідомлення: користувач не заповнив жодного поля для редагування
Файл: C:\MAMP\htdocs\project-shop\data_processor\edit-products.php  Рядок: 63  Повідомлення: користувач не заповнив жодного поля для редагування
Файл: C:\MAMP\htdocs\project-shop\data_processor\edit-products.php  Рядок: 64  Повідомлення: користувач не заповнив жодного поля для редагування
Файл: C:\MAMP\htdocs\project-shop\data_processor\edit-products.php  Рядок: 64  Повідомлення: користувач не заповнив жодного поля для редагування
Файл: C:\MAMP\htdocs\project-shop\data_processor\edit-products.php  Рядок: 54  Повідомлення: Помилка при виконанні запиту
Файл: C:\MAMP\htdocs\project-shop\data_processor\edit-products.php  Рядок: 63  Повідомлення: користувач не заповнив жодного поля для редагування
Файл: C:\MAMP\htdocs\project-shop\data_processor\edit-products.php  Рядок: 63  Повідомлення: користувач не заповнив жодного поля для редагування
Файл: C:\MAMP\htdocs\project-shop\data_processor\edit-products.php  Рядок: 59  Повідомлення: користувач не заповнив жодного поля для редагування
Файл: C:\MAMP\htdocs\project-shop\data_processor\edit-products.php  Рядок: 56  Повідомлення: користувач не заповнив жодного поля для редагування
Файл: C:\MAMP\htdocs\project-shop\data_processor\edit-products.php  Рядок: 57  Повідомлення: користувач не заповнив жодного поля для редагування
Файл: C:\MAMP\htdocs\project-shop\data_processor\edit-products.php  Рядок: 54  Повідомлення: Помилка при виконанні запиту для внесення змін у  продук
