
Емейл такого користувача вже існує, переконайтесь що ви ввели вірний емейл та спробуйте ще раз!
Паролі незбігаються, повторіть спробу!
Емейл такого користувача вже існує, переконайтесь що ви ввели вірний емейл та спробуйте ще раз!
Файл: C:\MAMP\htdocs\project\data_processor\reg.php  Рядок: 92  Повідомлення: Емейл такого користувача вже існує, переконайтесь що ви ввели вірний емейл та спробуйте ще раз!Паролі незбігаються, повторіть спробу!
Файл: C:\MAMP\htdocs\project\data_processor\reg.php  Рядок: 102  Повідомлення: Паролі незбігаються, повторіть спробу!
Файл: C:\MAMP\htdocs\project\data_processor\reg.php  Рядок: 91  Повідомлення: користувач ввів вже зареєстрований емейл та паролі які не збігаються
Файл: C:\MAMP\htdocs\project\data_processor\reg.php  Рядок: 91  Повідомлення: користувач ввів вже зареєстрований емейл, та паролі які не збігаються
Файл: C:\MAMP\htdocs\project\data_processor\reg.php  Рядок: 101  Повідомлення: користувач ввів паролі які не збігаються
Файл: C:\MAMP\htdocs\project\data_processor\reg.php  Рядок: 91  Повідомлення: користувач ввів вже зареєстрований емейл, та паролі які не збігаються
Файл: C:\MAMP\htdocs\project\data_processor\reg.php  Рядок: 91  Повідомлення: користувач залишив якесь з полів реєстрації порожнім
Файл: C:\MAMP\htdocs\project\data_processor\reg.php  Рядок: 91  Повідомлення: користувач залишив не заповнені якісь поля реєстрації
Файл: C:\MAMP\htdocs\project\data_processor\reg.php  Рядок: 96  Повідомлення: користувач ввів вже зареєстрований емейл, та паролі які не збігаються
Файл: C:\MAMP\htdocs\project\data_processor\reg.php  Рядок: 91  Повідомлення: користувач залишив не заповнені якісь поля реєстрації
Файл: C:\MAMP\htdocs\project\data_processor\reg.php  Рядок: 88  Повідомлення: користувач залишив не заповнені якісь поля реєстрації
Файл: C:\MAMP\htdocs\project\data_processor\reg.php  Рядок: 88  Повідомлення: користувач залишив не заповнені якісь поля реєстрації
Файл: C:\MAMP\htdocs\project\data_processor\reg.php  Рядок: 88  Повідомлення: користувач залишив не заповнені якісь поля реєстрації
Файл: C:\MAMP\htdocs\project\data_processor\reg.php  Рядок: 88  Повідомлення: користувач залишив не заповнені якісь поля реєстрації
Файл: C:\MAMP\htdocs\project\data_processor\reg.php  Рядок: 88  Повідомлення: користувач залишив не заповнені якісь поля реєстрації
Файл: C:\MAMP\htdocs\project\data_processor\reg.php  Рядок: 88  Повідомлення: користувач залишив не заповнені якісь поля реєстрації
Файл: C:\MAMP\htdocs\project-shop\data_processor\reg.php  Рядок: 88  Повідомлення: користувач залишив не заповнені якісь поля реєстрації
Файл: C:\MAMP\htdocs\project-shop\data_processor\reg.php  Рядок: 88  Повідомлення: користувач залишив не заповнені якісь поля реєстрації
Файл: C:\MAMP\htdocs\project-shop\data_processor\reg.php  Рядок: 88  Повідомлення: користувач залишив не заповнені якісь поля реєстрації
Файл: C:\MAMP\htdocs\project-shop\data_processor\reg.php  Рядок: 88  Повідомлення: користувач залишив не заповнені якісь поля реєстрації
Файл: C:\MAMP\htdocs\project-shop\data_processor\reg.php  Рядок: 88  Повідомлення: користувач залишив не заповнені якісь поля реєстрації
Файл: C:\MAMP\htdocs\project-shop\data_processor\reg.php  Рядок: 88  Повідомлення: користувач залишив не заповнені якісь поля реєстрації
Файл: C:\MAMP\htdocs\project-shop\data_processor\reg.php  Рядок: 88  Повідомлення: користувач залишив не заповнені якісь поля реєстрації
Файл: C:\MAMP\htdocs\project-shop\data_processor\reg.php  Рядок: 88  Повідомлення: користувач залишив не заповнені якісь поля реєстрації
Файл: C:\MAMP\htdocs\project-shop\data_processor\reg.php  Рядок: 88  Повідомлення: користувач залишив не заповнені якісь поля реєстрації
Файл: C:\MAMP\htdocs\project-shop\data_processor\reg.php  Рядок: 88  Повідомлення: користувач залишив не заповнені якісь поля реєстрації
Файл: C:\MAMP\htdocs\project-shop\data_processor\reg.php  Рядок: 88  Повідомлення: користувач залишив не заповнені якісь поля реєстрації
Файл: C:\MAMP\htdocs\project-shop\data_processor\reg.php  Рядок: 88  Повідомлення: користувач залишив не заповнені якісь поля реєстрації
Файл: C:\MAMP\htdocs\project-shop\data_processor\reg.php  Рядок: 88  Повідомлення: користувач залишив не заповнені якісь поля реєстрації
